<?xml version="1.0" encoding="UTF-8"?>
<!-- Generated by org.testng.reporters.JUnitXMLReporter -->
<testsuite ignored="0" hostname="LAPTOP-5KMFOFH9" failures="0" tests="4" name="Default test" time="13.799" errors="0" timestamp="2024-10-18T17:02:12 IST">
  <testcase classname="com.SwagLabs.TestCases.CartPageTest" name="validateAddedProduct" time="0.033"/>
  <testcase classname="com.SwagLabs.TestCases.CartPageTest" name="validateRemove" time="2.06"/>
  <testcase classname="com.SwagLabs.TestCases.CartPageTest" name="validateContinueShopping" time="2.254"/>
  <testcase classname="com.SwagLabs.TestCases.CartPageTest" name="validateCheckoutPageAccess" time="0.069"/>
</testsuite> <!-- Default test -->
