<?xml version="1.0" encoding="UTF-8"?>
<!-- Generated by org.testng.reporters.JUnitXMLReporter -->
<testsuite ignored="1" hostname="LAPTOP-5KMFOFH9" failures="0" tests="1" name="Default test" time="4.577" errors="0" timestamp="2024-10-23T17:17:45 IST">
  <testcase classname="testApi.AuthenticationTest" name="BearerToken" time="4.509"/>
  <testcase classname="testApi.AuthenticationTest" name="basicAuth" time="0.0">
    <ignored/>
  </testcase> <!-- basicAuth -->
</testsuite> <!-- Default test -->
