<?xml version="1.0" encoding="UTF-8"?>
<!-- Generated by org.testng.reporters.JUnitXMLReporter -->
<testsuite ignored="0" hostname="LAPTOP-5KMFOFH9" failures="0" tests="4" name="CartTest" time="16.729" errors="0" timestamp="2024-10-21T10:37:18 IST">
  <testcase classname="com.SwagLabs.TestCases.CartPageTest" name="validateAddedProduct" time="0.028"/>
  <testcase classname="com.SwagLabs.TestCases.CartPageTest" name="validateRemove" time="2.083"/>
  <testcase classname="com.SwagLabs.TestCases.CartPageTest" name="validateContinueShopping" time="2.449"/>
  <testcase classname="com.SwagLabs.TestCases.CartPageTest" name="validateCheckoutPageAccess" time="0.094"/>
</testsuite> <!-- CartTest -->
