<?xml version="1.0" encoding="UTF-8"?>
<!-- Generated by org.testng.reporters.JUnitXMLReporter -->
<testsuite ignored="0" hostname="LAPTOP-5KMFOFH9" failures="0" tests="4" name="CartTest" time="12.995" errors="0" timestamp="2024-10-18T17:03:20 IST">
  <testcase classname="com.SwagLabs.TestCases.CartPageTest" name="validateAddedProduct" time="0.025"/>
  <testcase classname="com.SwagLabs.TestCases.CartPageTest" name="validateRemove" time="2.069"/>
  <testcase classname="com.SwagLabs.TestCases.CartPageTest" name="validateContinueShopping" time="2.277"/>
  <testcase classname="com.SwagLabs.TestCases.CartPageTest" name="validateCheckoutPageAccess" time="0.079"/>
</testsuite> <!-- CartTest -->
