<?xml version="1.0" encoding="UTF-8"?>
<!-- Generated by org.testng.reporters.JUnitXMLReporter -->
<testsuite ignored="0" hostname="LAPTOP-5KMFOFH9" failures="0" tests="4" name="InventoryTest" time="2.64" errors="0" timestamp="2024-10-18T17:03:07 IST">
  <testcase classname="com.SwagLabs.TestCases.InventoryPageTest" name="validateProductCount" time="0.018"/>
  <testcase classname="com.SwagLabs.TestCases.InventoryPageTest" name="validateProductDetails" time="0.093"/>
  <testcase classname="com.SwagLabs.TestCases.InventoryPageTest" name="validateAddToCart" time="0.179"/>
  <testcase classname="com.SwagLabs.TestCases.InventoryPageTest" name="validateGetCartPageAccess" time="0.059"/>
</testsuite> <!-- InventoryTest -->
