<?xml version="1.0" encoding="UTF-8"?>
<!-- Generated by org.testng.reporters.JUnitXMLReporter -->
<testsuite ignored="0" hostname="LAPTOP-5KMFOFH9" failures="0" tests="4" name="InventoryTest" time="5.185" errors="0" timestamp="2024-10-21T16:45:06 IST">
  <testcase classname="com.SwagLabs.TestCases.InventoryPageTest" name="validateProductCount" time="0.033"/>
  <testcase classname="com.SwagLabs.TestCases.InventoryPageTest" name="validateProductDetails" time="0.132"/>
  <testcase classname="com.SwagLabs.TestCases.InventoryPageTest" name="validateAddToCart" time="0.508"/>
  <testcase classname="com.SwagLabs.TestCases.InventoryPageTest" name="validateGetCartPageAccess" time="0.273"/>
</testsuite> <!-- InventoryTest -->
