<?xml version="1.0" encoding="UTF-8"?>
<!-- Generated by org.testng.reporters.JUnitXMLReporter -->
<testsuite ignored="0" hostname="LAPTOP-5KMFOFH9" failures="0" tests="3" name="LoginTest" time="3.701" errors="0" timestamp="2024-10-21T16:45:00 IST">
  <testcase classname="com.SwagLabs.TestCases.LoginPageTest" name="validateUrl" time="0.102"/>
  <testcase classname="com.SwagLabs.TestCases.LoginPageTest" name="validateTitle" time="0.013"/>
  <testcase classname="com.SwagLabs.TestCases.LoginPageTest" name="validatLogin" time="0.719"/>
</testsuite> <!-- LoginTest -->
