<?xml version="1.0" encoding="UTF-8"?>
<!-- Generated by org.testng.reporters.JUnitXMLReporter -->
<testsuite ignored="0" hostname="LAPTOP-5KMFOFH9" failures="0" tests="2" name="OverviewPageTest" time="11.631" errors="0" timestamp="2024-10-21T16:45:44 IST">
  <testcase classname="com.SwagLabs.TestCases.OverviewPageTest" name="validateSummary" time="0.138"/>
  <testcase classname="com.SwagLabs.TestCases.OverviewPageTest" name="validateOrderCompleteProcess" time="0.231"/>
</testsuite> <!-- OverviewPageTest -->
