<?xml version="1.0" encoding="UTF-8"?>
<!-- Generated by org.testng.reporters.JUnitXMLReporter -->
<testsuite ignored="1" hostname="LAPTOP-5KMFOFH9" failures="0" tests="7" name="Test" time="0.078" errors="0" timestamp="2024-10-17T17:16:14 IST">
  <testcase classname="com.TestngFramework.TestDemo1" name="registerTest" time="0.012"/>
  <testcase classname="com.TestngFramework.TestDemo1" name="loginTest" time="0.001"/>
  <testcase classname="com.TestngFramework.TestDemo1" name="searchProductTest" time="0.001"/>
  <testcase classname="com.TestngFramework.TestDemo1" name="addToCartTest" time="0.001"/>
  <testcase classname="com.TestngFramework.TestDemo2_disablescenario" name="registerTest" time="0.001"/>
  <testcase classname="com.TestngFramework.TestDemo2_disablescenario" name="loginTest" time="0.001"/>
  <testcase classname="com.TestngFramework.TestDemo2_disablescenario" name="searchProductTest" time="0.001"/>
  <testcase classname="com.TestngFramework.TestDemo2_disablescenario" name="addToCartTest" time="0.0">
    <ignored/>
  </testcase> <!-- addToCartTest -->
</testsuite> <!-- Test -->
