<?xml version="1.0" encoding="UTF-8"?>
<!-- Generated by org.testng.reporters.JUnitXMLReporter -->
<testsuite ignored="0" hostname="LAPTOP-5KMFOFH9" failures="0" tests="4" name="Test3" time="0.013" errors="0" timestamp="2024-10-18T12:12:13 IST">
  <testcase classname="com.TestNGFrameworkAnnotations.ClassA" name="testCase1" time="0.002"/>
  <testcase classname="com.TestNGFrameworkAnnotations.ClassA" name="testCase2" time="0.001"/>
  <testcase classname="com.TestNGFrameworkAnnotations.ClassB" name="testCase3" time="0.0"/>
  <testcase classname="com.TestNGFrameworkAnnotations.ClassB" name="testCase4" time="0.001"/>
</testsuite> <!-- Test3 -->
