<?xml version="1.0" encoding="UTF-8"?>
<!-- Generated by org.testng.reporters.JUnitXMLReporter -->
<testsuite ignored="0" hostname="LAPTOP-5KMFOFH9" failures="0" tests="4" name="CartTest" time="15.357" errors="0" timestamp="2024-10-21T16:47:52 IST">
  <testcase classname="com.SwagLabs.TestCases.CartPageTest" name="validateAddedProduct" time="0.032"/>
  <testcase classname="com.SwagLabs.TestCases.CartPageTest" name="validateRemove" time="2.068"/>
  <testcase classname="com.SwagLabs.TestCases.CartPageTest" name="validateContinueShopping" time="2.606"/>
  <testcase classname="com.SwagLabs.TestCases.CartPageTest" name="validateCheckoutPageAccess" time="0.116"/>
</testsuite> <!-- CartTest -->
