<?xml version="1.0" encoding="UTF-8"?>
<!-- Generated by org.testng.reporters.JUnitXMLReporter -->
<testsuite ignored="0" hostname="LAPTOP-5KMFOFH9" failures="0" tests="3" name="LoginTest" time="4.386" errors="0" timestamp="2024-10-21T16:47:33 IST">
  <testcase classname="com.SwagLabs.TestCases.LoginPageTest" name="validateUrl" time="0.077"/>
  <testcase classname="com.SwagLabs.TestCases.LoginPageTest" name="validateTitle" time="0.015"/>
  <testcase classname="com.SwagLabs.TestCases.LoginPageTest" name="validatLogin" time="0.882"/>
</testsuite> <!-- LoginTest -->
