<?xml version="1.0" encoding="UTF-8"?>
<!-- Generated by org.testng.reporters.JUnitXMLReporter -->
<testsuite ignored="0" hostname="LAPTOP-5KMFOFH9" failures="0" tests="2" name="OverviewPageTest" time="12.168" errors="0" timestamp="2024-10-21T16:48:17 IST">
  <testcase classname="com.SwagLabs.TestCases.OverviewPageTest" name="validateSummary" time="0.148"/>
  <testcase classname="com.SwagLabs.TestCases.OverviewPageTest" name="validateOrderCompleteProcess" time="0.216"/>
</testsuite> <!-- OverviewPageTest -->
