<?xml version="1.0" encoding="UTF-8"?>
<testsuite xmlns:xsi="http://www.w3.org/2001/XMLSchema-instance" xsi:noNamespaceSchemaLocation="https://maven.apache.org/surefire/maven-surefire-plugin/xsd/surefire-test-report.xsd" version="3.0.2" name="TestSuite" time="50.74" tests="14" errors="0" skipped="0" failures="0">
  <properties>
[...]
</properties>
  <testcase name="validateUrl" classname="com.SwagLabs.TestCases.LoginPageTest" time="0.186">
    <system-out><![CDATA[Url matched!: https://www.saucedemo.com/
]]></system-out>
    <system-err><![CDATA[SLF4J: Failed to load class "org.slf4j.impl.StaticLoggerBinder".
SLF4J: Defaulting to no-operation (NOP) logger implementation
SLF4J: See http://www.slf4j.org/codes.html#StaticLoggerBinder for further details.
Oct 21, 2024 4:47:30 PM org.openqa.selenium.devtools.CdpVersionFinder findNearestMatch
WARNING: Unable to find an exact match for CDP version 130, returning the closest version; found: 129; Please update to a Selenium version that supports CDP version 130
]]></system-err>
  </testcase>
  <testcase name="validateTitle" classname="com.SwagLabs.TestCases.LoginPageTest" time="0.02">
    <system-out><![CDATA[Title matched!: Swag Labs
]]></system-out>
  </testcase>
  <testcase name="validatLogin" classname="com.SwagLabs.TestCases.LoginPageTest" time="0.883">
    <system-out><![CDATA[Login Completed successfully!
]]></system-out>
  </testcase>
  <testcase name="validateProductCount" classname="com.SwagLabs.TestCases.InventoryPageTest" time="0.027">
    <system-out><![CDATA[Product count matches!: 6
]]></system-out>
    <system-err><![CDATA[Oct 21, 2024 4:47:34 PM org.openqa.selenium.devtools.CdpVersionFinder findNearestMatch
WARNING: Unable to find an exact match for CDP version 130, returning the closest version; found: 129; Please update to a Selenium version that supports CDP version 130
]]></system-err>
  </testcase>
  <testcase name="validateProductDetails" classname="com.SwagLabs.TestCases.InventoryPageTest" time="0.107">
    <system-out><![CDATA[********Product Deatils**********
Sauce Labs Backpack
Sauce Labs Bike Light
Sauce Labs Bolt T-Shirt
Sauce Labs Fleece Jacket
Sauce Labs Onesie
Test.allTheThings() T-Shirt (Red)
]]></system-out>
  </testcase>
  <testcase name="validateAddToCart" classname="com.SwagLabs.TestCases.InventoryPageTest" time="0.428">
    <system-out><![CDATA[Product added to cart: Sauce Labs Fleece Jacket
]]></system-out>
  </testcase>
  <testcase name="validateGetCartPageAccess" classname="com.SwagLabs.TestCases.InventoryPageTest" time="0.17"/>
  <testcase name="validateAddedProduct" classname="com.SwagLabs.TestCases.CartPageTest" time="0.033">
    <system-out><![CDATA[Product added to cart: Sauce Labs Bike Light
Product added to Cart: Sauce Labs Bike Light
]]></system-out>
    <system-err><![CDATA[Oct 21, 2024 4:47:39 PM org.openqa.selenium.devtools.CdpVersionFinder findNearestMatch
WARNING: Unable to find an exact match for CDP version 130, returning the closest version; found: 129; Please update to a Selenium version that supports CDP version 130
]]></system-err>
  </testcase>
  <testcase name="validateRemove" classname="com.SwagLabs.TestCases.CartPageTest" time="2.07">
    <system-out><![CDATA[Product Removed from the cart!
]]></system-out>
  </testcase>
  <testcase name="validateContinueShopping" classname="com.SwagLabs.TestCases.CartPageTest" time="2.61">
    <system-out><![CDATA[Product added to cart: Sauce Labs Backpack
]]></system-out>
  </testcase>
  <testcase name="validateCheckoutPageAccess" classname="com.SwagLabs.TestCases.CartPageTest" time="0.119"/>
  <testcase name="validateCheckoutProcess" classname="com.SwagLabs.TestCases.CheckoutPageTest" time="0.741">
    <system-out><![CDATA[Product added to cart: Sauce Labs Bike Light
First name is: Priyanka last name is: Nigade  zipcode is: 411047
]]></system-out>
    <system-err><![CDATA[Oct 21, 2024 4:47:54 PM org.openqa.selenium.devtools.CdpVersionFinder findNearestMatch
WARNING: Unable to find an exact match for CDP version 130, returning the closest version; found: 129; Please update to a Selenium version that supports CDP version 130
]]></system-err>
  </testcase>
  <testcase name="validateSummary" classname="com.SwagLabs.TestCases.OverviewPageTest" time="0.15">
    <system-out><![CDATA[Product added to cart: Sauce Labs Bolt T-Shirt
First name is: Jay last name is: Nigade  zipcode is: 411047
Summary of Order is:
Payment Information:
SauceCard #31337
Shipping Information:
Free Pony Express Delivery!
Price Total
Item total: $15.99
Tax: $1.28
Total: $17.27
Cancel
Finish
]]></system-out>
    <system-err><![CDATA[Oct 21, 2024 4:48:07 PM org.openqa.selenium.devtools.CdpVersionFinder findNearestMatch
WARNING: Unable to find an exact match for CDP version 130, returning the closest version; found: 129; Please update to a Selenium version that supports CDP version 130
]]></system-err>
  </testcase>
  <testcase name="validateOrderCompleteProcess" classname="com.SwagLabs.TestCases.OverviewPageTest" time="0.218">
    <system-out><![CDATA[Result Text is: Thank you for your order!
]]></system-out>
  </testcase>
</testsuite>