<?xml version="1.0" encoding="UTF-8"?>
<testng-results ignored="1" total="2" passed="1" failed="0" skipped="0">
  <reporter-output>
  </reporter-output>
  <suite started-at="2024-10-23T17:17:40 IST" name="Default suite" finished-at="2024-10-23T17:17:45 IST" duration-ms="4577">
    <groups>
    </groups>
    <test started-at="2024-10-23T17:17:40 IST" name="Default test" finished-at="2024-10-23T17:17:45 IST" duration-ms="4577">
      <class name="testApi.AuthenticationTest">
        <test-method signature="BearerToken()[pri:0, instance:testApi.AuthenticationTest@1da2cb77]" started-at="2024-10-23T17:17:41 IST" name="BearerToken" finished-at="2024-10-23T17:17:45 IST" duration-ms="4509" status="PASS">
          <reporter-output>
          </reporter-output>
        </test-method> <!-- BearerToken -->
      </class> <!-- testApi.AuthenticationTest -->
    </test> <!-- Default test -->
  </suite> <!-- Default suite -->
</testng-results>
